Name of the CE: lptace01.msfg.fr
	vo-glast.org-msfg

Name of the CE: ce1.ts.infn.it
	VO-glast.org-GlastRelease-20-08-08-redhat5-i686-32bit-gcc41-Optimized

Name of the CE: gridce5.pi.infn.it
	VO-glast.org-Calet
	VO-glast.org-GlastRelease-17-35-24-lp39-redhat5-i686-32bit-gcc41-Optimized
	VO-glast.org-GlastRelease-v18r1p1-rhel4_gcc34opt
	VO-glast.org-GlastRelease-v19r1p0-rhel4_gcc34opt
	VO-glast.org-GlastRelease-v19r3p9-rhel4_gcc34opt
	VO-glast.org-ScienceTools-v9r21p0-rhel4_gcc34opt
	VO-glast.org-calibrations-moot-pointing_history-110404

Name of the CE: gridce1.pi.infn.it
	VO-glast.org-Calet
	VO-glast.org-GlastRelease-17-35-24-lp39-redhat5-i686-32bit-gcc41-Optimized
	VO-glast.org-GlastRelease-v18r1p1-rhel4_gcc34opt
	VO-glast.org-GlastRelease-v19r1p0-rhel4_gcc34opt
	VO-glast.org-GlastRelease-v19r3p9-rhel4_gcc34opt
	VO-glast.org-ScienceTools-v9r21p0-rhel4_gcc34opt
	VO-glast.org-calibrations-moot-pointing_history-110404

Name of the CE: gridce0.pi.infn.it
	VO-glast.org-Calet
	VO-glast.org-GlastRelease-17-35-24-lp39-redhat5-i686-32bit-gcc41-Optimized
	VO-glast.org-GlastRelease-v18r1p1-rhel4_gcc34opt
	VO-glast.org-GlastRelease-v19r1p0-rhel4_gcc34opt
	VO-glast.org-GlastRelease-v19r3p9-rhel4_gcc34opt
	VO-glast.org-ScienceTools-v9r21p0-rhel4_gcc34opt
	VO-glast.org-calibrations-moot-pointing_history-110404

Name of the CE: gridce2.pi.infn.it
	VO-glast.org-Calet
	VO-glast.org-GlastRelease-17-35-24-lp39-redhat5-i686-32bit-gcc41-Optimized
	VO-glast.org-GlastRelease-v18r1p1-rhel4_gcc34opt
	VO-glast.org-GlastRelease-v19r1p0-rhel4_gcc34opt
	VO-glast.org-GlastRelease-v19r3p9-rhel4_gcc34opt
	VO-glast.org-ScienceTools-v9r21p0-rhel4_gcc34opt
	VO-glast.org-calibrations-moot-pointing_history-110404

Name of the CE: gridce.ilc.cnr.it

Name of the CE: lptace01.msfg.fr
	vo-glast.org-msfg

Name of the CE: cream-ce-1.ba.infn.it

Name of the CE: ce09-lcg.cr.cnaf.infn.it
	VO-glast.org-Calet
	VO-glast.org-GlastRelease-20-08-08-redhat5-i686-32bit-gcc41-Optimized
	VO-glast.org-GlastRelease-v15r39-rh9_gcc32opt
	VO-glast.org-GlastRelease-v15r39p1-rh9_gcc32opt
	VO-glast.org-GlastRelease-v15r47p12gr12xmlGeoDbs014800-rhel4_gcc34opt
	VO-glast.org-GlastRelease-v15r47p12gr13-rhel4_gcc34opt
	VO-glast.org-GlastRelease-v15r47p7-rh9_gcc32opt
	VO-glast.org-GlastRelease-v17r31-rh9_gcc32opt
	VO-glast.org-GlastRelease-v18r1p1-rhel4_gcc34opt
	VO-glast.org-GlastRelease-v18r8p5-rhel4_gcc34opt
	VO-glast.org-GlastRelease-v19r1p0-rhel4_gcc34opt
	VO-glast.org-GlastRelease-v19r3p9-rhel4_gcc34opt
	VO-glast.org-ScienceTools-v9r21p0-rhel4_gcc34opt
	VO-glast.org-calibrations-moot-pointing_history-101013

Name of the CE: ce04-lcg.cr.cnaf.infn.it
	VO-glast.org-Calet
	VO-glast.org-GlastRelease-20-08-08-redhat5-i686-32bit-gcc41-Optimized
	VO-glast.org-GlastRelease-v15r39-rh9_gcc32opt
	VO-glast.org-GlastRelease-v15r39p1-rh9_gcc32opt
	VO-glast.org-GlastRelease-v15r47p12gr12xmlGeoDbs014800-rhel4_gcc34opt
	VO-glast.org-GlastRelease-v15r47p12gr13-rhel4_gcc34opt
	VO-glast.org-GlastRelease-v15r47p7-rh9_gcc32opt
	VO-glast.org-GlastRelease-v17r31-rh9_gcc32opt
	VO-glast.org-GlastRelease-v18r1p1-rhel4_gcc34opt
	VO-glast.org-GlastRelease-v18r8p5-rhel4_gcc34opt
	VO-glast.org-GlastRelease-v19r1p0-rhel4_gcc34opt
	VO-glast.org-GlastRelease-v19r3p9-rhel4_gcc34opt
	VO-glast.org-ScienceTools-v9r21p0-rhel4_gcc34opt
	VO-glast.org-calibrations-moot-pointing_history-101013

Name of the CE: ce05-lcg.cr.cnaf.infn.it
	VO-glast.org-Calet
	VO-glast.org-GlastRelease-20-08-08-redhat5-i686-32bit-gcc41-Optimized
	VO-glast.org-GlastRelease-v15r39-rh9_gcc32opt
	VO-glast.org-GlastRelease-v15r39p1-rh9_gcc32opt
	VO-glast.org-GlastRelease-v15r47p12gr12xmlGeoDbs014800-rhel4_gcc34opt
	VO-glast.org-GlastRelease-v15r47p12gr13-rhel4_gcc34opt
	VO-glast.org-GlastRelease-v15r47p7-rh9_gcc32opt
	VO-glast.org-GlastRelease-v17r31-rh9_gcc32opt
	VO-glast.org-GlastRelease-v18r1p1-rhel4_gcc34opt
	VO-glast.org-GlastRelease-v18r8p5-rhel4_gcc34opt
	VO-glast.org-GlastRelease-v19r1p0-rhel4_gcc34opt
	VO-glast.org-GlastRelease-v19r3p9-rhel4_gcc34opt
	VO-glast.org-ScienceTools-v9r21p0-rhel4_gcc34opt
	VO-glast.org-calibrations-moot-pointing_history-101013

Name of the CE: ce06-lcg.cr.cnaf.infn.it
	VO-glast.org-Calet
	VO-glast.org-GlastRelease-20-08-08-redhat5-i686-32bit-gcc41-Optimized
	VO-glast.org-GlastRelease-v15r39-rh9_gcc32opt
	VO-glast.org-GlastRelease-v15r39p1-rh9_gcc32opt
	VO-glast.org-GlastRelease-v15r47p12gr12xmlGeoDbs014800-rhel4_gcc34opt
	VO-glast.org-GlastRelease-v15r47p12gr13-rhel4_gcc34opt
	VO-glast.org-GlastRelease-v15r47p7-rh9_gcc32opt
	VO-glast.org-GlastRelease-v17r31-rh9_gcc32opt
	VO-glast.org-GlastRelease-v18r1p1-rhel4_gcc34opt
	VO-glast.org-GlastRelease-v18r8p5-rhel4_gcc34opt
	VO-glast.org-GlastRelease-v19r1p0-rhel4_gcc34opt
	VO-glast.org-GlastRelease-v19r3p9-rhel4_gcc34opt
	VO-glast.org-ScienceTools-v9r21p0-rhel4_gcc34opt
	VO-glast.org-calibrations-moot-pointing_history-101013

Name of the CE: ce01-lcg.cr.cnaf.infn.it
	VO-glast.org-Calet
	VO-glast.org-GlastRelease-20-08-08-redhat5-i686-32bit-gcc41-Optimized
	VO-glast.org-GlastRelease-v15r39-rh9_gcc32opt
	VO-glast.org-GlastRelease-v15r39p1-rh9_gcc32opt
	VO-glast.org-GlastRelease-v15r47p12gr12xmlGeoDbs014800-rhel4_gcc34opt
	VO-glast.org-GlastRelease-v15r47p12gr13-rhel4_gcc34opt
	VO-glast.org-GlastRelease-v15r47p7-rh9_gcc32opt
	VO-glast.org-GlastRelease-v17r31-rh9_gcc32opt
	VO-glast.org-GlastRelease-v18r1p1-rhel4_gcc34opt
	VO-glast.org-GlastRelease-v18r8p5-rhel4_gcc34opt
	VO-glast.org-GlastRelease-v19r1p0-rhel4_gcc34opt
	VO-glast.org-GlastRelease-v19r3p9-rhel4_gcc34opt
	VO-glast.org-ScienceTools-v9r21p0-rhel4_gcc34opt
	VO-glast.org-calibrations-moot-pointing_history-101013

Name of the CE: cream-ce-grid.obspm.fr
Name of the CE: cream-ce.pg.infn.it
	VO-glast.org-Calet
	VO-glast.org-GlastRelease-20-08-08-redhat5-i686-32bit-gcc41-Optimized

Name of the CE: ce07-lcg.cr.cnaf.infn.it
	VO-glast.org-Calet
	VO-glast.org-GlastRelease-20-08-08-redhat5-i686-32bit-gcc41-Optimized
	VO-glast.org-GlastRelease-v15r39-rh9_gcc32opt
	VO-glast.org-GlastRelease-v15r39p1-rh9_gcc32opt
	VO-glast.org-GlastRelease-v15r47p12gr12xmlGeoDbs014800-rhel4_gcc34opt
	VO-glast.org-GlastRelease-v15r47p12gr13-rhel4_gcc34opt
	VO-glast.org-GlastRelease-v15r47p7-rh9_gcc32opt
	VO-glast.org-GlastRelease-v17r31-rh9_gcc32opt
	VO-glast.org-GlastRelease-v18r1p1-rhel4_gcc34opt
	VO-glast.org-GlastRelease-v18r8p5-rhel4_gcc34opt
	VO-glast.org-GlastRelease-v19r1p0-rhel4_gcc34opt
	VO-glast.org-GlastRelease-v19r3p9-rhel4_gcc34opt
	VO-glast.org-ScienceTools-v9r21p0-rhel4_gcc34opt
	VO-glast.org-calibrations-moot-pointing_history-101013

Name of the CE: cream-ce-1.ba.infn.it

Name of the CE: llrcream.in2p3.fr
Name of the CE: grid36.lal.in2p3.fr
Name of the CE: ce08-lcg.cr.cnaf.infn.it
	VO-glast.org-Calet
	VO-glast.org-GlastRelease-20-08-08-redhat5-i686-32bit-gcc41-Optimized
	VO-glast.org-GlastRelease-v15r39-rh9_gcc32opt
	VO-glast.org-GlastRelease-v15r39p1-rh9_gcc32opt
	VO-glast.org-GlastRelease-v15r47p12gr12xmlGeoDbs014800-rhel4_gcc34opt
	VO-glast.org-GlastRelease-v15r47p12gr13-rhel4_gcc34opt
	VO-glast.org-GlastRelease-v15r47p7-rh9_gcc32opt
	VO-glast.org-GlastRelease-v17r31-rh9_gcc32opt
	VO-glast.org-GlastRelease-v18r1p1-rhel4_gcc34opt
	VO-glast.org-GlastRelease-v18r8p5-rhel4_gcc34opt
	VO-glast.org-GlastRelease-v19r1p0-rhel4_gcc34opt
	VO-glast.org-GlastRelease-v19r3p9-rhel4_gcc34opt
	VO-glast.org-ScienceTools-v9r21p0-rhel4_gcc34opt
	VO-glast.org-calibrations-moot-pointing_history-101013

Name of the CE: pamelace01.na.infn.it
	VO-glast.org-Calet
	VO-glast.org-INFN-NAPOLI-PAMELA

